0 info it worked if it ends with ok
1 verbose cli [ '/Users/dkunin/.nvm/versions/node/v7.0.0/bin/node',
1 verbose cli   '/Users/dkunin/.nvm/versions/node/v7.0.0/bin/npm',
1 verbose cli   'publish' ]
2 info using npm@3.10.8
3 info using node@v7.0.0
4 verbose publish [ '.' ]
5 silly cache add args [ '.', null ]
6 verbose cache add spec .
7 silly cache add parsed spec Result {
7 silly cache add   raw: '.',
7 silly cache add   scope: null,
7 silly cache add   escapedName: null,
7 silly cache add   name: null,
7 silly cache add   rawSpec: '.',
7 silly cache add   spec: '/Users/dkunin/Projects/decrypt-cli',
7 silly cache add   type: 'directory' }
8 verbose addLocalDirectory /Users/dkunin/.npm/ncrypt-cli/0.0.2/package.tgz not in flight; packing
9 verbose correctMkdir /Users/dkunin/.npm correctMkdir not in flight; initializing
10 info lifecycle ncrypt-cli@0.0.2~prepublish: ncrypt-cli@0.0.2
11 silly lifecycle ncrypt-cli@0.0.2~prepublish: no script for prepublish, continuing
12 verbose tar pack [ '/Users/dkunin/.npm/ncrypt-cli/0.0.2/package.tgz',
12 verbose tar pack   '/Users/dkunin/Projects/decrypt-cli' ]
13 verbose tarball /Users/dkunin/.npm/ncrypt-cli/0.0.2/package.tgz
14 verbose folder /Users/dkunin/Projects/decrypt-cli
15 verbose addLocalTarball adding from inside cache /Users/dkunin/.npm/ncrypt-cli/0.0.2/package.tgz
16 verbose correctMkdir /Users/dkunin/.npm correctMkdir not in flight; initializing
17 silly cache afterAdd ncrypt-cli@0.0.2
18 verbose afterAdd /Users/dkunin/.npm/ncrypt-cli/0.0.2/package/package.json not in flight; writing
19 verbose correctMkdir /Users/dkunin/.npm correctMkdir not in flight; initializing
20 verbose afterAdd /Users/dkunin/.npm/ncrypt-cli/0.0.2/package/package.json written
21 silly publish { name: 'ncrypt-cli',
21 silly publish   version: '0.0.2',
21 silly publish   private: false,
21 silly publish   main: './cli',
21 silly publish   bin: { ncrypt: './cli' },
21 silly publish   repository: { type: 'git', url: 'git://github.com/dkunin/decrypt-cli.git' },
21 silly publish   bugs: { url: 'https://github.com/dkunin/decrypt-cli/issues' },
21 silly publish   scripts:
21 silly publish    { test: 'echo test',
21 silly publish      start: 'node ./',
21 silly publish      dev: 'node ./',
21 silly publish      build: 'NODE_ENV=production node ./' },
21 silly publish   homepage: 'https://github.com/dkunin/decrypt-cli',
21 silly publish   keywords: [ 'cli,', 'crypt,', 'decrypt' ],
21 silly publish   license: 'MIT',
21 silly publish   description: '> This is an example file with default selections.',
21 silly publish   dependencies: { del: '3.0.0', hasha: '3.0.0', meow: '3.7.0' },
21 silly publish   readme: '# NCrypt [WIP]\n\n> Simple cli module for encoding and decoding strings and files\n\n## Install\n\n```\n    npm i ncrypt-cli -g\n```\n\n## Usage\n\n```\n    # Usage:\n        ncrypt --f <path> --e/--d --k <key>\n\n    # Flags\n        --f, --file: Path to file to be encrypted/decrypted\n        --e,--encode / --d,--decode: Action to take\n        --k, --key: Proided secret key to encode/decode\n        --i, --input: When encrypting - you can provide string instead of filename\n```\n\n## Contribute\n\nPRs accepted.\n\n## License\n\nMIT © Dmitri Kunin\n',
21 silly publish   readmeFilename: 'README.md',
21 silly publish   gitHead: 'fc938183d303a694b88f63751c76aeeebcc0dbc1',
21 silly publish   _id: 'ncrypt-cli@0.0.2',
21 silly publish   _shasum: 'dededb862743a12958ced062ed1c21a82d84949b',
21 silly publish   _from: '.' }
22 verbose getPublishConfig undefined
23 silly mapToRegistry name ncrypt-cli
24 silly mapToRegistry using default registry
25 silly mapToRegistry registry https://registry.npmjs.org/
26 silly mapToRegistry data Result {
26 silly mapToRegistry   raw: 'ncrypt-cli',
26 silly mapToRegistry   scope: null,
26 silly mapToRegistry   escapedName: 'ncrypt-cli',
26 silly mapToRegistry   name: 'ncrypt-cli',
26 silly mapToRegistry   rawSpec: '',
26 silly mapToRegistry   spec: 'latest',
26 silly mapToRegistry   type: 'tag' }
27 silly mapToRegistry uri https://registry.npmjs.org/ncrypt-cli
28 verbose publish registryBase https://registry.npmjs.org/
29 silly publish uploading /Users/dkunin/.npm/ncrypt-cli/0.0.2/package.tgz
30 verbose request uri https://registry.npmjs.org/ncrypt-cli
31 verbose request sending authorization for write operation
32 info attempt registry request try #1 at 23:18:06
33 verbose request using bearer token for auth
34 verbose request id 94e81f2a2f880ed5
35 http request PUT https://registry.npmjs.org/ncrypt-cli
36 http 401 https://registry.npmjs.org/ncrypt-cli
37 verbose headers { 'content-type': 'application/json',
37 verbose headers   'cache-control': 'max-age=300',
37 verbose headers   'content-length': '53',
37 verbose headers   'accept-ranges': 'bytes',
37 verbose headers   date: 'Sun, 13 Aug 2017 20:18:07 GMT',
37 verbose headers   via: '1.1 varnish',
37 verbose headers   connection: 'keep-alive',
37 verbose headers   'x-served-by': 'cache-fra1250-FRA',
37 verbose headers   'x-cache': 'MISS',
37 verbose headers   'x-cache-hits': '0',
37 verbose headers   'x-timer': 'S1502655487.352208,VS0,VE632',
37 verbose headers   vary: 'Accept-Encoding, Accept' }
38 verbose request invalidating /Users/dkunin/.npm/registry.npmjs.org/ncrypt-cli on PUT
39 error publish Failed PUT 401
40 verbose stack Error: You must be logged in to publish packages : ncrypt-cli
40 verbose stack     at makeError (/Users/dkunin/.nvm/versions/node/v7.0.0/lib/node_modules/npm/node_modules/npm-registry-client/lib/request.js:302:12)
40 verbose stack     at CachingRegistryClient.<anonymous> (/Users/dkunin/.nvm/versions/node/v7.0.0/lib/node_modules/npm/node_modules/npm-registry-client/lib/request.js:290:14)
40 verbose stack     at Request._callback (/Users/dkunin/.nvm/versions/node/v7.0.0/lib/node_modules/npm/node_modules/npm-registry-client/lib/request.js:210:14)
40 verbose stack     at Request.self.callback (/Users/dkunin/.nvm/versions/node/v7.0.0/lib/node_modules/npm/node_modules/request/request.js:187:22)
40 verbose stack     at emitTwo (events.js:106:13)
40 verbose stack     at Request.emit (events.js:191:7)
40 verbose stack     at Request.<anonymous> (/Users/dkunin/.nvm/versions/node/v7.0.0/lib/node_modules/npm/node_modules/request/request.js:1044:10)
40 verbose stack     at emitOne (events.js:96:13)
40 verbose stack     at Request.emit (events.js:188:7)
40 verbose stack     at IncomingMessage.<anonymous> (/Users/dkunin/.nvm/versions/node/v7.0.0/lib/node_modules/npm/node_modules/request/request.js:965:12)
41 verbose statusCode 401
42 verbose pkgid ncrypt-cli
43 verbose cwd /Users/dkunin/Projects/decrypt-cli
44 error Darwin 16.7.0
45 error argv "/Users/dkunin/.nvm/versions/node/v7.0.0/bin/node" "/Users/dkunin/.nvm/versions/node/v7.0.0/bin/npm" "publish"
46 error node v7.0.0
47 error npm  v3.10.8
48 error code E401
49 error You must be logged in to publish packages : ncrypt-cli
50 error If you need help, you may report this error at:
50 error     <https://github.com/npm/npm/issues>
51 verbose exit [ 1, true ]
